[    0.000000] Linux version 4.15.0-144-generic (buildd@lgw01-amd64-031) (gcc version 7.5.0 (Ubuntu 7.5.0-3ubuntu1~18.04)) #148-Ubuntu SMP Sat May 8 02:33:43 UTC 2021 (Ubuntu 4.15.0-144.148-generic 4.15.18)
[    0.000000] Command line: BOOT_IMAGE=/boot/vmlinuz-4.15.0-144-generic root=LABEL=cloudimg-rootfs ro console=tty1 console=ttyS0
[    0.000000] KERNEL supported cpus:
[    0.000000]   Intel GenuineIntel
[    0.000000]   AMD AuthenticAMD
[    0.000000]   Centaur CentaurHauls
[    0.000000] x86/fpu: Supporting XSAVE feature 0x001: 'x87 floating point registers'
[    0.000000] x86/fpu: Supporting XSAVE feature 0x002: 'SSE registers'
[    0.000000] x86/fpu: Supporting XSAVE feature 0x004: 'AVX registers'
[    0.000000] x86/fpu: xstate_offset[2]:  576, xstate_sizes[2]:  256
[    0.000000] x86/fpu: Enabled xstate features 0x7, context size is 832 bytes, using 'standard' format.
[    0.000000] e820: BIOS-provided physical RAM map:
[    0.000000] BIOS-e820: [mem 0x0000000000000000-0x000000000009fbff] usable
[    0.000000] BIOS-e820: [mem 0x000000000009fc00-0x000000000009ffff] reserved
[    0.000000] BIOS-e820: [mem 0x00000000000f0000-0x00000000000fffff] reserved
[    0.000000] BIOS-e820: [mem 0x0000000000100000-0x000000003ffeffff] usable
[    0.000000] BIOS-e820: [mem 0x000000003fff0000-0x000000003fffffff] ACPI data
[    0.000000] BIOS-e820: [mem 0x00000000fec00000-0x00000000fec00fff] reserved
[    0.000000] BIOS-e820: [mem 0x00000000fee00000-0x00000000fee00fff] reserved
[    0.000000] BIOS-e820: [mem 0x00000000fffc0000-0x00000000ffffffff] reserved
[    0.000000] NX (Execute Disable) protection: active
[    0.000000] SMBIOS 2.5 present.
[    0.000000] DMI: innotek GmbH VirtualBox/VirtualBox, BIOS VirtualBox 12/01/2006
[    0.000000] Hypervisor detected: KVM
[    0.000000] e820: last_pfn = 0x3fff0 max_arch_pfn = 0x400000000
[    0.000000] MTRR: Disabled
[    0.000000] x86/PAT: MTRRs disabled, skipping PAT initialization too.
[    0.000000] CPU MTRRs all blank - virtualized system.
[    0.000000] x86/PAT: Configuration [0-7]: WB  WT  UC- UC  WB  WT  UC- UC  
[    0.000000] found SMP MP-table at [mem 0x0009fff0-0x0009ffff]
[    0.000000] Scanning 1 areas for low memory corruption
[    0.000000] RAMDISK: [mem 0x359cf000-0x36cdefff]
[    0.000000] ACPI: Early table checksum verification disabled
[    0.000000] ACPI: RSDP 0x00000000000E0000 000024 (v02 VBOX  )
[    0.000000] ACPI: XSDT 0x000000003FFF0030 00003C (v01 VBOX   VBOXXSDT 00000001 ASL  00000061)
[    0.000000] ACPI: FACP 0x000000003FFF00F0 0000F4 (v04 VBOX   VBOXFACP 00000001 ASL  00000061)
[    0.000000] ACPI: DSDT 0x000000003FFF0470 002325 (v02 VBOX   VBOXBIOS 00000002 INTL 20100528)
[    0.000000] ACPI: FACS 0x000000003FFF0200 000040
[    0.000000] ACPI: FACS 0x000000003FFF0200 000040
[    0.000000] ACPI: APIC 0x000000003FFF0240 00005C (v02 VBOX   VBOXAPIC 00000001 ASL  00000061)
[    0.000000] ACPI: SSDT 0x000000003FFF02A0 0001CC (v01 VBOX   VBOXCPUT 00000002 INTL 20100528)
[    0.000000] No NUMA configuration found
[    0.000000] Faking a node at [mem 0x0000000000000000-0x000000003ffeffff]
[    0.000000] NODE_DATA(0) allocated [mem 0x3ffc5000-0x3ffeffff]
[    0.000000] kvm-clock: cpu 0, msr 0:3ff44001, primary cpu clock
[    0.000000] kvm-clock: Using msrs 4b564d01 and 4b564d00
[    0.000000] kvm-clock: using sched offset of 3700168476 cycles
[    0.000000] clocksource: kvm-clock: mask: 0xffffffffffffffff max_cycles: 0x1cd42e4dffb, max_idle_ns: 881590591483 ns
[    0.000000] Zone ranges:
[    0.000000]   DMA      [mem 0x0000000000001000-0x0000000000ffffff]
[    0.000000]   DMA32    [mem 0x0000000001000000-0x000000003ffeffff]
[    0.000000]   Normal   empty
[    0.000000]   Device   empty
[    0.000000] Movable zone start for each node
[    0.000000] Early memory node ranges
[    0.000000]   node   0: [mem 0x0000000000001000-0x000000000009efff]
[    0.000000]   node   0: [mem 0x0000000000100000-0x000000003ffeffff]
[    0.000000] Reserved but unavailable: 98 pages
[    0.000000] Initmem setup node 0 [mem 0x0000000000001000-0x000000003ffeffff]
[    0.000000] ACPI: PM-Timer IO Port: 0x4008
[    0.000000] IOAPIC[0]: apic_id 2, version 32, address 0xfec00000, GSI 0-23
[    0.000000] ACPI: INT_SRC_OVR (bus 0 bus_irq 0 global_irq 2 dfl dfl)
[    0.000000] ACPI: INT_SRC_OVR (bus 0 bus_irq 9 global_irq 9 low level)
[    0.000000] Using ACPI (MADT) for SMP configuration information
[    0.000000] smpboot: Allowing 2 CPUs, 0 hotplug CPUs
[    0.000000] PM: Registered nosave memory: [mem 0x00000000-0x00000fff]
[    0.000000] PM: Registered nosave memory: [mem 0x0009f000-0x0009ffff]
[    0.000000] PM: Registered nosave memory: [mem 0x000a0000-0x000effff]
[    0.000000] PM: Registered nosave memory: [mem 0x000f0000-0x000fffff]
[    0.000000] e820: [mem 0x40000000-0xfebfffff] available for PCI devices
[    0.000000] Booting paravirtualized kernel on KVM
[    0.000000] clocksource: refined-jiffies: mask: 0xffffffff max_cycles: 0xffffffff, max_idle_ns: 7645519600211568 ns
[    0.000000] random: get_random_bytes called from start_kernel+0x99/0x500 with crng_init=0
[    0.000000] setup_percpu: NR_CPUS:8192 nr_cpumask_bits:2 nr_cpu_ids:2 nr_node_ids:1
[    0.000000] percpu: Embedded 45 pages/cpu s147456 r8192 d28672 u1048576
[    0.000000] PV qspinlock hash table entries: 256 (order: 0, 4096 bytes)
[    0.000000] Built 1 zonelists, mobility grouping on.  Total pages: 257913
[    0.000000] Policy zone: DMA32
[    0.000000] Kernel command line: BOOT_IMAGE=/boot/vmlinuz-4.15.0-144-generic root=LABEL=cloudimg-rootfs ro console=tty1 console=ttyS0
[    0.000000] Memory: 982716K/1048120K available (12300K kernel code, 2483K rwdata, 4316K rodata, 2448K init, 2724K bss, 65404K reserved, 0K cma-reserved)
[    0.000000] SLUB: HWalign=64, Order=0-3, MinObjects=0, CPUs=2, Nodes=1
[    0.000000] Kernel/User page tables isolation: enabled
[    0.000000] ftrace: allocating 39453 entries in 155 pages
[    0.004000] Hierarchical RCU implementation.
[    0.004000] 	RCU restricting CPUs from NR_CPUS=8192 to nr_cpu_ids=2.
[    0.004000] 	Tasks RCU enabled.
[    0.004000] RCU: Adjusting geometry for rcu_fanout_leaf=16, nr_cpu_ids=2
[    0.004000] NR_IRQS: 524544, nr_irqs: 440, preallocated irqs: 16
[    0.004000] Console: colour VGA+ 80x25
[    0.004000] console [tty1] enabled
[    0.004000] console [ttyS0] enabled
[    0.004000] ACPI: Core revision 20170831
[    0.004000] ACPI: 2 ACPI AML tables successfully acquired and loaded
[    0.004000] APIC: Switch to symmetric I/O mode setup
[    0.004000] x2apic enabled
[    0.004000] Switched APIC routing to physical x2apic.
[    0.004000] ..TIMER: vector=0x30 apic1=0 pin1=2 apic2=-1 pin2=-1
[    0.004004] tsc: Detected 2807.998 MHz processor
[    0.005016] Calibrating delay loop (skipped) preset value.. 5615.99 BogoMIPS (lpj=11231992)
[    0.008003] pid_max: default: 32768 minimum: 301
[    0.009048] Security Framework initialized
[    0.009955] Yama: becoming mindful.
[    0.012024] AppArmor: AppArmor initialized
[    0.016024] Dentry cache hash table entries: 131072 (order: 8, 1048576 bytes)
[    0.017699] Inode-cache hash table entries: 65536 (order: 7, 524288 bytes)
[    0.020019] Mount-cache hash table entries: 2048 (order: 2, 16384 bytes)
[    0.021402] Mountpoint-cache hash table entries: 2048 (order: 2, 16384 bytes)
[    0.023193] Last level iTLB entries: 4KB 64, 2MB 8, 4MB 8
[    0.024002] Last level dTLB entries: 4KB 64, 2MB 0, 4MB 0, 1GB 4
[    0.025240] Spectre V1 : Mitigation: usercopy/swapgs barriers and __user pointer sanitization
[    0.028003] Spectre V2 : Mitigation: Full generic retpoline
[    0.029195] Spectre V2 : Spectre v2 / SpectreRSB mitigation: Filling RSB on context switch
[    0.031160] Speculative Store Bypass: Vulnerable
[    0.032047] SRBDS: Unknown: Dependent on hypervisor status
[    0.033375] MDS: Mitigation: Clear CPU buffers
[    0.034578] Freeing SMP alternatives memory: 36K
[    0.146495] smpboot: CPU0: Intel(R) Core(TM) i7-7700HQ CPU @ 2.80GHz (family: 0x6, model: 0x9e, stepping: 0x9)
[    0.148000] Performance Events: unsupported p6 CPU model 158 no PMU driver, software events only.
[    0.148127] Hierarchical SRCU implementation.
[    0.150332] NMI watchdog: Perf event create on CPU 0 failed with -2
[    0.152011] NMI watchdog: Perf NMI watchdog permanently disabled
[    0.153315] smp: Bringing up secondary CPUs ...
[    0.154447] x86: Booting SMP configuration:
[    0.156002] .... node  #0, CPUs:      #1
[    0.004000] kvm-clock: cpu 1, msr 0:3ff44041, secondary cpu clock
[    0.160021] smp: Brought up 1 node, 2 CPUs
[    0.160984] smpboot: Max logical packages: 1
[    0.162141] smpboot: Total of 2 processors activated (11231.99 BogoMIPS)
[    0.164133] devtmpfs: initialized
[    0.165162] x86/mm: Memory block size: 128MB
[    0.166277] evm: security.selinux
[    0.168022] evm: security.SMACK64
[    0.168827] evm: security.SMACK64EXEC
[    0.169661] evm: security.SMACK64TRANSMUTE
[    0.170586] evm: security.SMACK64MMAP
[    0.171437] evm: security.apparmor
[    0.172002] evm: security.ima
[    0.172882] evm: security.capability
[    0.173767] clocksource: jiffies: mask: 0xffffffff max_cycles: 0xffffffff, max_idle_ns: 7645041785100000 ns
[    0.176012] futex hash table entries: 512 (order: 3, 32768 bytes)
[    0.177328] pinctrl core: initialized pinctrl subsystem
[    0.180119] RTC time: 15:26:14, date: 06/11/21
[    0.184051] NET: Registered protocol family 16
[    0.185089] audit: initializing netlink subsys (disabled)
[    0.186279] audit: type=2000 audit(1623425178.889:1): state=initialized audit_enabled=0 res=1
[    0.188014] cpuidle: using governor ladder
[    0.189014] cpuidle: using governor menu
[    0.190078] ACPI: bus type PCI registered
[    0.191025] acpiphp: ACPI Hot Plug PCI Controller Driver version: 0.5
[    0.192126] PCI: Using configuration type 1 for base access
[    0.193405] HugeTLB registered 2.00 MiB page size, pre-allocated 0 pages
[    0.196067] ACPI: Added _OSI(Module Device)
[    0.200010] ACPI: Added _OSI(Processor Device)
[    0.201026] ACPI: Added _OSI(3.0 _SCP Extensions)
[    0.202242] ACPI: Added _OSI(Processor Aggregator Device)
[    0.203874] ACPI: Added _OSI(Linux-Dell-Video)
[    0.204003] ACPI: Added _OSI(Linux-Lenovo-NV-HDMI-Audio)
[    0.205201] ACPI: Added _OSI(Linux-HPI-Hybrid-Graphics)
[    0.206697] ACPI: Executed 1 blocks of module-level executable AML code
[    0.212916] ACPI: Interpreter enabled
[    0.213956] ACPI: (supports S0 S5)
[    0.214921] ACPI: Using IOAPIC for interrupt routing
[    0.216284] PCI: Using host bridge windows from ACPI; if necessary, use "pci=nocrs" and report a bug
[    0.218472] ACPI: Enabled 2 GPEs in block 00 to 07
[    0.226915] ACPI: PCI Root Bridge [PCI0] (domain 0000 [bus 00-ff])
[    0.228008] acpi PNP0A03:00: _OSC: OS supports [ASPM ClockPM Segments MSI]
[    0.230805] acpi PNP0A03:00: _OSC: not requesting OS control; OS requires [ExtendedConfig ASPM ClockPM MSI]
[    0.232013] acpi PNP0A03:00: fail to add MMCONFIG information, can't access extended PCI configuration space under this bridge.
[    0.236457] PCI host bridge to bus 0000:00
[    0.237277] pci_bus 0000:00: root bus resource [io  0x0000-0x0cf7 window]
[    0.238522] pci_bus 0000:00: root bus resource [io  0x0d00-0xffff window]
[    0.240003] pci_bus 0000:00: root bus resource [mem 0x000a0000-0x000bffff window]
[    0.241558] pci_bus 0000:00: root bus resource [mem 0x40000000-0xfdffffff window]
[    0.243027] pci_bus 0000:00: root bus resource [bus 00-ff]
[    0.246373] pci 0000:00:01.1: legacy IDE quirk: reg 0x10: [io  0x01f0-0x01f7]
[    0.248003] pci 0000:00:01.1: legacy IDE quirk: reg 0x14: [io  0x03f6]
[    0.249297] pci 0000:00:01.1: legacy IDE quirk: reg 0x18: [io  0x0170-0x0177]
[    0.251688] pci 0000:00:01.1: legacy IDE quirk: reg 0x1c: [io  0x0376]
[    0.271781] pci 0000:00:07.0: quirk: [io  0x4000-0x403f] claimed by PIIX4 ACPI
[    0.272016] pci 0000:00:07.0: quirk: [io  0x4100-0x410f] claimed by PIIX4 SMB
[    0.286382] ACPI: PCI Interrupt Link [LNKA] (IRQs 5 9 10 *11)
[    0.288373] ACPI: PCI Interrupt Link [LNKB] (IRQs 5 9 *10 11)
[    0.289857] ACPI: PCI Interrupt Link [LNKC] (IRQs 5 *9 10 11)
[    0.292132] ACPI: PCI Interrupt Link [LNKD] (IRQs 5 9 10 *11)
[    0.294271] SCSI subsystem initialized
[    0.295297] pci 0000:00:02.0: vgaarb: setting as boot VGA device
[    0.295297] pci 0000:00:02.0: vgaarb: VGA device added: decodes=io+mem,owns=io+mem,locks=none
[    0.296013] pci 0000:00:02.0: vgaarb: bridge control possible
[    0.300010] vgaarb: loaded
[    0.300744] ACPI: bus type USB registered
[    0.301648] usbcore: registered new interface driver usbfs
[    0.302844] usbcore: registered new interface driver hub
[    0.304010] usbcore: registered new device driver usb
[    0.305222] EDAC MC: Ver: 3.0.0
[    0.305222] PCI: Using ACPI for IRQ routing
[    0.308315] NetLabel: Initializing
[    0.309252] NetLabel:  domain hash size = 128
[    0.310235] NetLabel:  protocols = UNLABELED CIPSOv4 CALIPSO
[    0.311527] NetLabel:  unlabeled traffic allowed by default
[    0.312070] clocksource: Switched to clocksource kvm-clock
[    0.333631] VFS: Disk quotas dquot_6.6.0
[    0.334588] VFS: Dquot-cache hash table entries: 512 (order 0, 4096 bytes)
[    0.336248] AppArmor: AppArmor Filesystem Enabled
[    0.337307] pnp: PnP ACPI init
[    0.339200] pnp: PnP ACPI: found 3 devices
[    0.348750] clocksource: acpi_pm: mask: 0xffffff max_cycles: 0xffffff, max_idle_ns: 2085701024 ns
[    0.350772] NET: Registered protocol family 2
[    0.352050] TCP established hash table entries: 8192 (order: 4, 65536 bytes)
[    0.353664] TCP bind hash table entries: 8192 (order: 5, 131072 bytes)
[    0.356022] TCP: Hash tables configured (established 8192 bind 8192)
[    0.361001] UDP hash table entries: 512 (order: 2, 16384 bytes)
[    0.362251] UDP-Lite hash table entries: 512 (order: 2, 16384 bytes)
[    0.363462] NET: Registered protocol family 1
[    0.364344] pci 0000:00:00.0: Limiting direct PCI/PCI transfers
[    0.365524] pci 0000:00:01.0: Activating ISA DMA hang workarounds
[    0.366931] pci 0000:00:02.0: Video device with shadowed ROM at [mem 0x000c0000-0x000dffff]
[    0.368679] Unpacking initramfs...
[    0.712542] Freeing initrd memory: 19520K
[    0.714170] clocksource: tsc: mask: 0xffffffffffffffff max_cycles: 0x2879c456dd4, max_idle_ns: 440795285767 ns
[    0.717326] platform rtc_cmos: registered platform RTC device (no PNP device found)
[    0.719322] Scanning for low memory corruption every 60 seconds
[    0.721627] Initialise system trusted keyrings
[    0.722568] Key type blacklist registered
[    0.723626] workingset: timestamp_bits=36 max_order=18 bucket_order=0
[    0.726993] zbud: loaded
[    0.728624] squashfs: version 4.0 (2009/01/31) Phillip Lougher
[    0.730345] fuse init (API version 7.26)
[    0.734458] Key type asymmetric registered
[    0.735458] Asymmetric key parser 'x509' registered
[    0.736722] Block layer SCSI generic (bsg) driver version 0.4 loaded (major 246)
[    0.738799] io scheduler noop registered
[    0.739810] io scheduler deadline registered
[    0.741011] io scheduler cfq registered (default)
[    0.742412] ACPI: AC Adapter [AC] (on-line)
[    0.743640] input: Power Button as /devices/LNXSYSTM:00/LNXPWRBN:00/input/input0
[    0.746001] ACPI: Power Button [PWRF]
[    0.746909] input: Sleep Button as /devices/LNXSYSTM:00/LNXSLPBN:00/input/input1
[    0.748495] ACPI: Sleep Button [SLPF]
[    0.750549] ACPI: Battery Slot [BAT0] (battery present)
[    0.751866] Serial: 8250/16550 driver, 32 ports, IRQ sharing enabled
[    0.775069] 00:02: ttyS0 at I/O 0x3f8 (irq = 4, base_baud = 115200) is a 16550A
[    0.781358] Linux agpgart interface v0.103
[    0.783913] loop: module loaded
[    0.785335] scsi host0: ata_piix
[    0.786459] scsi host1: ata_piix
[    0.787353] ata1: PATA max UDMA/33 cmd 0x1f0 ctl 0x3f6 bmdma 0xd000 irq 14
[    0.789110] ata2: PATA max UDMA/33 cmd 0x170 ctl 0x376 bmdma 0xd008 irq 15
[    0.790934] libphy: Fixed MDIO Bus: probed
[    0.791841] tun: Universal TUN/TAP device driver, 1.6
[    0.793263] PPP generic driver version 2.4.2
[    0.794636] ehci_hcd: USB 2.0 'Enhanced' Host Controller (EHCI) Driver
[    0.796186] ehci-pci: EHCI PCI platform driver
[    0.797320] ehci-platform: EHCI generic platform driver
[    0.798530] ohci_hcd: USB 1.1 'Open' Host Controller (OHCI) Driver
[    0.799843] ohci-pci: OHCI PCI platform driver
[    0.801048] ohci-platform: OHCI generic platform driver
[    0.802216] uhci_hcd: USB Universal Host Controller Interface driver
[    0.803668] i8042: PNP: PS/2 Controller [PNP0303:PS2K,PNP0f03:PS2M] at 0x60,0x64 irq 1,12
[    0.806167] serio: i8042 KBD port at 0x60,0x64 irq 1
[    0.807376] serio: i8042 AUX port at 0x60,0x64 irq 12
[    0.808958] mousedev: PS/2 mouse device common for all mice
[    0.810935] rtc_cmos rtc_cmos: rtc core: registered rtc_cmos as rtc0
[    0.812972] input: AT Translated Set 2 keyboard as /devices/platform/i8042/serio0/input/input2
[    0.815094] rtc_cmos rtc_cmos: alarms up to one day, 114 bytes nvram
[    0.816769] i2c /dev entries driver
[    0.817606] device-mapper: uevent: version 1.0.3
[    0.818738] device-mapper: ioctl: 4.37.0-ioctl (2017-09-20) initialised: dm-devel@redhat.com
[    0.820823] ledtrig-cpu: registered to indicate activity on CPUs
[    0.823017] NET: Registered protocol family 10
[    0.827545] Segment Routing with IPv6
[    0.828682] NET: Registered protocol family 17
[    0.830075] Key type dns_resolver registered
[    0.831422] mce: Using 0 MCE banks
[    0.832318] RAS: Correctable Errors collector initialized.
[    0.833497] sched_clock: Marking stable (832293975, 0)->(1050942822, -218648847)
[    0.836192] registered taskstats version 1
[    0.837233] Loading compiled-in X.509 certificates
[    0.840527] Loaded X.509 cert 'Build time autogenerated kernel key: 1e5516648b223d94d04ce7d99e6048c9b3ebcb77'
[    0.843367] Loaded X.509 cert 'Canonical Ltd. Live Patch Signing: 14df34d1a87cf37625abec039ef2bf521249b969'
[    0.847125] Loaded X.509 cert 'Canonical Ltd. Kernel Module Signing: 88f752e560a1e0737e31163a466ad7b70a850c19'
[    0.850035] zswap: loaded using pool lzo/zbud
[    0.866486] Key type big_key registered
[    0.867695] Key type trusted registered
[    0.870829] Key type encrypted registered
[    0.871807] AppArmor: AppArmor sha1 policy hashing enabled
[    0.873268] ima: No TPM chip found, activating TPM-bypass! (rc=-19)
[    0.874633] ima: Allocated hash algorithm: sha1
[    0.875769] evm: HMAC attrs: 0x1
[    0.876975]   Magic number: 9:790:436
[    0.878557] rtc_cmos rtc_cmos: setting system clock to 2021-06-11 15:26:14 UTC (1623425174)
[    0.882760] BIOS EDD facility v0.16 2004-Jun-25, 0 devices found
[    0.884469] EDD information not available.
[    0.976790] Freeing unused kernel image memory: 2448K
[    0.988930] Write protecting the kernel read-only data: 20480k
[    0.991112] Freeing unused kernel image memory: 2008K
[    0.992760] Freeing unused kernel image memory: 1828K
[    1.003516] x86/mm: Checked W+X mappings: passed, no W+X pages found.
[    1.004893] x86/mm: Checking user space page tables
[    1.016018] x86/mm: Checked W+X mappings: passed, no W+X pages found.
Loading, please wait...
starting version 237
[    1.098716] e1000: Intel(R) PRO/1000 Network Driver - version 7.3.21-k8-NAPI
[    1.100375] e1000: Copyright (c) 1999-2006 Intel Corporation.
[    1.111764] Fusion MPT base driver 3.04.20
[    1.113043] Copyright (c) 1999-2008 LSI Corporation
[    1.125229] AVX2 version of gcm_enc/dec engaged.
[    1.126369] AES CTR mode by8 optimization enabled
[    1.129079] Fusion MPT SPI Host driver 3.04.20
[    1.315888] input: ImExPS/2 Generic Explorer Mouse as /devices/platform/i8042/serio1/input/input4
[    1.741126] e1000 0000:00:03.0 eth0: (PCI:33MHz:32-bit) 02:98:b0:9b:6c:78
[    1.742970] e1000 0000:00:03.0 eth0: Intel(R) PRO/1000 Network Connection
[    2.147134] e1000 0000:00:08.0 eth1: (PCI:33MHz:32-bit) 08:00:27:50:ee:fb
[    2.148742] e1000 0000:00:08.0 eth1: Intel(R) PRO/1000 Network Connection
[    2.152065] e1000 0000:00:03.0 enp0s3: renamed from eth0
[    2.153390] mptbase: ioc0: Initiating bringup
[    2.180788] e1000 0000:00:08.0 enp0s8: renamed from eth1
[    3.072552] ioc0: LSI53C1030 A0: Capabilities={Initiator}
[    6.116962] scsi host2: ioc0: LSI53C1030 A0, FwRev=00000000h, Ports=1, MaxQ=256, IRQ=20
[    8.166920] scsi 2:0:0:0: Direct-Access     VBOX     HARDDISK         1.0  PQ: 0 ANSI: 5
[    8.200492] scsi target2:0:0: Beginning Domain Validation
[    8.204846] scsi target2:0:0: Domain Validation skipping write tests
[    8.206302] scsi target2:0:0: Ending Domain Validation
[    8.207578] scsi target2:0:0: asynchronous
[    8.209454] scsi 2:0:1:0: Direct-Access     VBOX     HARDDISK         1.0  PQ: 0 ANSI: 5
[    8.240873] scsi target2:0:1: Beginning Domain Validation
[    8.244636] random: fast init done
[    8.246104] scsi target2:0:1: Domain Validation skipping write tests
[    8.247593] scsi target2:0:1: Ending Domain Validation
[    8.249472] scsi target2:0:1: asynchronous
[    8.257152] random: systemd-udevd: uninitialized urandom read (16 bytes read)
[    8.258828] random: systemd-udevd: uninitialized urandom read (16 bytes read)
[    8.261083] random: systemd-udevd: uninitialized urandom read (16 bytes read)
[    8.263283] sd 2:0:0:0: Attached scsi generic sg0 type 0
[    8.264604] sd 2:0:0:0: [sda] 83886080 512-byte logical blocks: (42.9 GB/40.0 GiB)
[    8.266425] sd 2:0:0:0: [sda] Write Protect is off
[    8.267902] sd 2:0:0:0: [sda] Incomplete mode parameter data
[    8.270597] sd 2:0:0:0: [sda] Assuming drive cache: write through
[    8.272345] sd 2:0:1:0: [sdb] 20480 512-byte logical blocks: (10.5 MB/10.0 MiB)
[    8.273973] sd 2:0:1:0: [sdb] Write Protect is off
[    8.275227] sd 2:0:1:0: [sdb] Incomplete mode parameter data
[    8.276422] sd 2:0:1:0: [sdb] Assuming drive cache: write through
[    8.277924] sd 2:0:1:0: Attached scsi generic sg1 type 0
[    8.281094]  sda: sda1
[    8.283279] sd 2:0:0:0: [sda] Attached SCSI disk
[    8.284627] sd 2:0:1:0: [sdb] Attached SCSI disk
Begin: Loading essential drivers ... [    9.920129] raid6: sse2x1   gen() 11074 MB/s
[    9.968050] raid6: sse2x1   xor()  8348 MB/s
[   10.016064] raid6: sse2x2   gen() 12887 MB/s
[   10.064090] raid6: sse2x2   xor()  7821 MB/s
[   10.112093] raid6: sse2x4   gen() 15433 MB/s
[   10.160076] raid6: sse2x4   xor()  9119 MB/s
[   10.208093] raid6: avx2x1   gen() 21164 MB/s
[   10.256068] raid6: avx2x1   xor() 14728 MB/s
[   10.304026] raid6: avx2x2   gen() 25110 MB/s
[   10.352082] raid6: avx2x2   xor() 15346 MB/s
[   10.400086] raid6: avx2x4   gen() 29148 MB/s
[   10.448089] raid6: avx2x4   xor() 17285 MB/s
[   10.449130] raid6: using algorithm avx2x4 gen() 29148 MB/s
[   10.450396] raid6: .... xor() 17285 MB/s, rmw enabled
[   10.451534] raid6: using avx2x2 recovery algorithm
[   10.453659] xor: automatically using best checksumming function   avx       
[   10.456633] async_tx: api initialized (async)
done.
Begin: Running /scripts/init-premount ... done.
Begin: Mounting root file system ... Begin: Running /scripts/local-top ... done.
Begin: Running /scripts/local-premount ... [   10.505885] Btrfs loaded, crc32c=crc32c-intel
Scanning for Btrfs filesystems
done.
Warning: fsck not present, so skipping root file system
[   10.542424] EXT4-fs (sda1): mounted filesystem with ordered data mode. Opts: (null)
done.
Begin: Running /scripts/local-bottom ... done.
Begin: Running /scripts/init-bottom ... done.
[   10.725695] ip_tables: (C) 2000-2006 Netfilter Core Team
[   10.736981] systemd[1]: systemd 237 running in system mode. (+PAM +AUDIT +SELINUX +IMA +APPARMOR +SMACK +SYSVINIT +UTMP +LIBCRYPTSETUP +GCRYPT +GNUTLS +ACL +XZ +LZ4 +SECCOMP +BLKID +ELFUTILS +KMOD -IDN2 +IDN -PCRE2 default-hierarchy=hybrid)
[   10.742178] systemd[1]: Detected virtualization oracle.
[   10.743379] systemd[1]: Detected architecture x86-64.

Welcome to [1mUbuntu 18.04.5 LTS[0m!

[   10.750051] systemd[1]: Set hostname to <ubuntu>.
[   10.754612] systemd[1]: Initializing machine ID from random generator.
[   10.756634] systemd[1]: Installed transient /etc/machine-id file.
[   11.039218] systemd[1]: Reached target Swap.
[[0;32m  OK  [0m] Reached target Swap.
[   11.040819] systemd[1]: Reached target System Time Synchronized.
[[0;32m  OK  [0m] Reached target System Time Synchronized.
[   11.044201] systemd[1]: Created slice User and Session Slice.
[[0;32m  OK  [0m] Created slice User and Session Slice.
[   11.046181] systemd[1]: Reached target User and Group Name Lookups.
[[0;32m  OK  [0m] Reached target User and Group Name Lookups.
[[0;32m  OK  [0m] Created slice System Slice.
[[0;32m  OK  [0m] Listening on LVM2 poll daemon socket.
[[0;32m  OK  [0m] Reached target Slices.
[[0;32m  OK  [0m] Listening on Network Service Netlink Socket.
[[0;32m  OK  [0m] Listening on Syslog Socket.
[[0;32m  OK  [0m] Listening on /dev/initctl Compatibility Named Pipe.
[[0;32m  OK  [0m] Listening on udev Control Socket.
[[0;32m  OK  [0m] Listening on Journal Socket (/dev/log).
[[0;32m  OK  [0m] Listening on Journal Socket.
         Mounting POSIX Message Queue File System...
         Starting Load Kernel Modules...
         Starting Uncomplicated firewall...
         Mounting Huge Pages File System...
         Mounting Kernel Debug File System...
         Starting Set the console keyboard layout...
[[0;32m  OK  [0m] Listening on fsck to fsckd communication Socket.
[[0;32m  OK  [0m] Listening on LVM2 metadata daemon socket.
[[0;32m  OK  [0m] Listening on Device-mapper event daemon FIFOs.
         Starting Monitoring of LVM2 mirrors…ng dmeventd or progress polling...
[[0;32m  OK  [0m] Set up automount Arbitrary Executab…rmats File System Automount Point.
[   11.109741] Loading iSCSI transport class v2.0-870.
[[0;32m  OK  [0m] Listening on Journal Audit Socket.
         Starting Journal Service...
[[0;32m  OK  [0m] Listening on udev Kernel Socket.
         Starting udev Coldplug all Devices...
[[0;32m  OK  [0m] Created slice system-serial\x2dgetty.slice.
         Starting Create list of required st…ce nodes for the current kernel...
         Starting File System Check on Root Device...
[[0;32m  OK  [0m] Started Forward Password Requests to Wall Directory Watch.
[[0;32m  OK  [0m] Mounted POSIX Message Queue File System.
[[0;32m  OK  [0m] Started Uncomplicated firewall.
[   11.164182] iscsi: registered transport (tcp)
[[0;32m  OK  [0m] Mounted Huge Pages File System.
[[0;32m  OK  [0m] Mounted Kernel Debug File System.
[[0;32m  OK  [0m] Started Create list of required sta…vice nodes for the current kernel.
         Starting Create Static Device Nodes in /dev...
[[0;32m  OK  [0m] Started File System Check Daemon to report status.
[[0;32m  OK  [0m] Started File System Check on Root Device.
         Starting Remount Root and Kernel File Systems...
[[0;32m  OK  [0m] Started Journal Service.
[[0;32m  OK  [0m] Started LVM2 metadata daemon.
[[0;32m  OK  [0m] Started udev Coldplug all Devices.
[[0;32m  OK  [0m] Started Create Static Device Nodes in /dev.
[   11.321889] iscsi: registered transport (iser)
[[0;32m  OK  [0m] Started Load Kernel Modules.
         Starting Apply Kernel Variables...
         Mounting Kernel Configuration File System...
         Mounting FUSE Control File System...
[   11.347273] EXT4-fs (sda1): re-mounted. Opts: (null)
[[0;32m  OK  [0m] Started Remount Root and Kernel File Systems.
[[0;32m  OK  [0m] Mounted Kernel Configuration File System.
[[0;32m  OK  [0m] Mounted FUSE Control File System.
         Starting udev Kernel Device Manager...
         Starting Flush Journal to Persistent Storage...
         Starting Load/Save Random Seed...
[[0;32m  OK  [0m] Started Monitoring of LVM2 mirrors,…sing dmeventd or progress polling.
[[0;32m  OK  [0m] Started Apply Kernel Variables.
[[0;32m  OK  [0m] Started udev Kernel Device Manager.
[[0;32m  OK  [0m] Started Load/Save Random Seed.
[[0;32m  OK  [0m] Started Flush Journal to Persistent Storage.
[[0;32m  OK  [0m] Started Set the console keyboard layout.
[[0;32m  OK  [0m] Started Dispatch Password Requests to Console Directory Watch.
[[0;32m  OK  [0m] Reached target Local Encrypted Volumes.
[[0;32m  OK  [0m] Reached target Local File Systems (Pre).
[[0;32m  OK  [0m] Reached target Local File Systems.
         Starting Set console font and keymap...
         Starting Tell Plymouth To Write Out Runtime Data...
         Starting Commit a transient machine-id on disk...
         Starting AppArmor initialization...
         Starting ebtables ruleset management...
         Starting Create Volatile Files and Directories...
[[0;32m  OK  [0m] Started Tell Plymouth To Write Out Runtime Data.
[[0;32m  OK  [0m] Started Set console font and keymap.
[[0;32m  OK  [0m] Started Create Volatile Files and Directories.
         Starting Update UTMP about System Boot/Shutdown...
[[0;32m  OK  [0m] Started Update UTMP about System Boot/Shutdown.
[[0;32m  OK  [0m] Started Commit a transient machine-id on disk.
[[0;32m  OK  [0m] Started ebtables ruleset management.
[[0;32m  OK  [0m] Found device /dev/ttyS0.
[[0;32m  OK  [0m] Listening on Load/Save RF Kill Switch Status /dev/rfkill Watch.
[[0;32m  OK  [0m] Started AppArmor initialization.
         Starting Load AppArmor profiles managed internally by snapd...
         Starting Initial cloud-init job (pre-networking)...
[[0;32m  OK  [0m] Started Load AppArmor profiles managed internally by snapd.
[   14.763890] cloud-init[568]: Cloud-init v. 21.1-19-gbad84ad4-0ubuntu1~18.04.2 running 'init-local' at Fri, 11 Jun 2021 15:26:27 +0000. Up 14.29 seconds.
[[0;32m  OK  [0m] Started Initial cloud-init job (pre-networking).
[[0;32m  OK  [0m] Reached target Network (Pre).
         Starting Network Service...
[[0;32m  OK  [0m] Started Network Service.
         Starting Network Name Resolution...
         Starting Wait for Network to be Configured...
[[0;32m  OK  [0m] Started Network Name Resolution.
[[0;32m  OK  [0m] Reached target Host and Network Name Lookups.
[[0;32m  OK  [0m] Reached target Network.
[[0;32m  OK  [0m] Started Wait for Network to be Configured.
         Starting Initial cloud-init job (metadata service crawler)...
[   17.524309] cloud-init[677]: Cloud-init v. 21.1-19-gbad84ad4-0ubuntu1~18.04.2 running 'init' at Fri, 11 Jun 2021 15:26:30 +0000. Up 17.27 seconds.
[   17.525731] cloud-init[677]: ci-info: ++++++++++++++++++++++++++++++++++++++Net device info+++++++++++++++++++++++++++++++++++++++
[   17.527306] cloud-init[677]: ci-info: +--------+-------+----------------------------+---------------+--------+-------------------+
[   17.529053] cloud-init[677]: ci-info: | Device |   Up  |          Address           |      Mask     | Scope  |     Hw-Address    |
[   17.530880] cloud-init[677]: ci-info: +--------+-------+----------------------------+---------------+--------+-------------------+
[   17.532875] cloud-init[677]: ci-info: | enp0s3 |  True |         10.0.2.15          | 255.255.255.0 | global | 02:98:b0:9b:6c:78 |
[   17.535318] cloud-init[677]: ci-info: | enp0s3 |  True | fe80::98:b0ff:fe9b:6c78/64 |       .       |  link  | 02:98:b0:9b:6c:78 |
[   17.536869] cloud-init[677]: ci-info: | enp0s8 | False |             .              |       .       |   .    | 08:00:27:50:ee:fb |
[   17.538385] cloud-init[677]: ci-info: |   lo   |  True |         127.0.0.1          |   255.0.0.0   |  host  |         .         |
[   17.540045] cloud-init[677]: ci-info: |   lo   |  True |          ::1/128           |       .       |  host  |         .         |
[   17.541689] cloud-init[677]: ci-info: +--------+-------+----------------------------+---------------+--------+-------------------+
[   17.543218] cloud-init[677]: ci-info: ++++++++++++++++++++++++++++Route IPv4 info+++++++++++++++++++++++++++++
[   17.560188] cloud-init[677]: ci-info: +-------+-------------+----------+-----------------+-----------+-------+
[   17.572369] cloud-init[677]: ci-info: | Route | Destination | Gateway  |     Genmask     | Interface | Flags |
[   17.573426] cloud-init[677]: ci-info: +-------+-------------+----------+-----------------+-----------+-------+
[   17.574466] cloud-init[677]: ci-info: |   0   |   0.0.0.0   | 10.0.2.2 |     0.0.0.0     |   enp0s3  |   UG  |
[   17.575874] cloud-init[677]: ci-info: |   1   |   10.0.2.0  | 0.0.0.0  |  255.255.255.0  |   enp0s3  |   U   |
[   17.588194] cloud-init[677]: ci-info: |   2   |   10.0.2.2  | 0.0.0.0  | 255.255.255.255 |   enp0s3  |   UH  |
[   17.589044] cloud-init[677]: ci-info: +-------+-------------+----------+-----------------+-----------+-------+
[   17.600645] cloud-init[677]: ci-info: +++++++++++++++++++Route IPv6 info+++++++++++++++++++
[   17.601990] cloud-init[677]: ci-info: +-------+-------------+---------+-----------+-------+
[   17.602841] cloud-init[677]: ci-info: | Route | Destination | Gateway | Interface | Flags |
[   17.604509] cloud-init[677]: ci-info: +-------+-------------+---------+-----------+-------+
[   17.605691] cloud-init[677]: ci-info: |   1   |  fe80::/64  |    ::   |   enp0s3  |   U   |
[   17.616377] cloud-init[677]: ci-info: |   3   |    local    |    ::   |   enp0s3  |   U   |
[   17.616931] cloud-init[677]: ci-info: |   4   |   ff00::/8  |    ::   |   enp0s3  |   U   |
[   17.617616] cloud-init[677]: ci-info: +-------+-------------+---------+-----------+-------+
[   18.282431] cloud-init[677]: Generating public/private rsa key pair.
[   18.283475] cloud-init[677]: Your identification has been saved in /etc/ssh/ssh_host_rsa_key.
[   18.284618] cloud-init[677]: Your public key has been saved in /etc/ssh/ssh_host_rsa_key.pub.
[   18.285929] cloud-init[677]: The key fingerprint is:
[   18.286777] cloud-init[677]: SHA256:cIXljZY9TJ2Y4D+Myk+QeB+b8e+Z9J5maSgjqF8E9ig root@ubuntu-bionic
[   18.288317] cloud-init[677]: The key's randomart image is:
[   18.289268] cloud-init[677]: +---[RSA 2048]----+
[   18.290260] cloud-init[677]: |         o+..+ . |
[   18.291098] cloud-init[677]: |        .+ Bo o  |
[   18.291929] cloud-init[677]: |      .o. * =    |
[   18.292782] cloud-init[677]: |      .++o + .   |
[   18.293577] cloud-init[677]: |     E..So+ +    |
[   18.294420] cloud-init[677]: |      .o.+ * .   |
[   18.295272] cloud-init[677]: |        +.= . o .|
[   18.296162] cloud-init[677]: |       ..+ o + O.|
[   18.297084] cloud-init[677]: |     .o.  o o.Ooo|
[   18.298000] cloud-init[677]: +----[SHA256]-----+
[   18.298833] cloud-init[677]: Generating public/private dsa key pair.
[   18.299858] cloud-init[677]: Your identification has been saved in /etc/ssh/ssh_host_dsa_key.
[   18.301179] cloud-init[677]: Your public key has been saved in /etc/ssh/ssh_host_dsa_key.pub.
[   18.302485] cloud-init[677]: The key fingerprint is:
[   18.303315] cloud-init[677]: SHA256:FmVEcnLRVTjhYU1sx9BtTg3I3x6B0Zw+Fl5Esok7Q94 root@ubuntu-bionic
[   18.304748] cloud-init[677]: The key's randomart image is:
[   18.305682] cloud-init[677]: +---[DSA 1024]----+
[   18.306558] cloud-init[677]: |        ooO+ +&#O|
[   18.307386] cloud-init[677]: |         B  +=o@&|
[   18.308199] cloud-init[677]: |        .   o.*B=|
[   18.309030] cloud-init[677]: |         . o o.*o|
[   18.309892] cloud-init[677]: |        S   = E.o|
[   18.310734] cloud-init[677]: |       .     o  .|
[   18.311537] cloud-init[677]: |                 |
[   18.312417] cloud-init[677]: |                 |
[   18.313288] cloud-init[677]: |                 |
[   18.314078] cloud-init[677]: +----[SHA256]-----+
[   18.314910] cloud-init[677]: Generating public/private ecdsa key pair.
[   18.316007] cloud-init[677]: Your identification has been saved in /etc/ssh/ssh_host_ecdsa_key.
[   18.317376] cloud-init[677]: Your public key has been saved in /etc/ssh/ssh_host_ecdsa_key.pub.
[   18.318669] cloud-init[677]: The key fingerprint is:
[   18.319543] cloud-init[677]: SHA256:GSLKIaDnuK4L7C44MKeDgsqPPfuOSorYH2Kbb53GpRA root@ubuntu-bionic
[   18.320896] cloud-init[677]: The key's randomart image is:
[   18.321826] cloud-init[677]: +---[ECDSA 256]---+
[   18.322632] cloud-init[677]: |.                |
[   18.323466] cloud-init[677]: |o                |
[   18.324336] cloud-init[677]: |o o . . .        |
[   18.325241] cloud-init[677]: | * oE. . o       |
[   18.326125] cloud-init[677]: |. +  .  S        |
[   18.326973] cloud-init[677]: |+.. .   .        |
[   18.327845] cloud-init[677]: |B*o .+ +         |
[   18.328866] cloud-init[677]: |^oo=o.*          |
[   18.329665] cloud-init[677]: |&@*OB+           |
[   18.330502] cloud-init[677]: +----[SHA256]-----+
[   18.331361] cloud-init[677]: Generating public/private ed25519 key pair.
[   18.332481] cloud-init[677]: Your identification has been saved in /etc/ssh/ssh_host_ed25519_key.
[   18.334043] cloud-init[677]: Your public key has been saved in /etc/ssh/ssh_host_ed25519_key.pub.
[   18.335694] cloud-init[677]: The key fingerprint is:
[   18.336975] cloud-init[677]: SHA256:9UTFji+yYYy0yiLWkeow4jW9nednVMbz4VWKXosZmHw root@ubuntu-bionic
[   18.338791] cloud-init[677]: The key's randomart image is:
[[   18.340698] cloud-init[677]: +--[ED25519 256]--+
[   18.340810] cloud-init[677]: |            .o.  |
[   18.341223] cloud-init[677]: |           .  . .|
[   18.341864] cloud-init[677]: |         ..oo+ ..|
[   18.342245] cloud-init[677]: |        ..+oE=+..|
[   18.342711] cloud-init[677]: |     . .S+ o+*+.o|
[   18.343101] cloud-init[677]: |    +   o =.= oo |
[   18.343764] cloud-init[677]: |+  = + . ..+ .   |
[   18.344741] cloud-init[677]: |oo= + = ...o     |
[   18.345251] cloud-init[677]: | +.. o oo.o      |
[   18.346100] cloud-init[677]: +----[SHA256]-----+
[0;32m  OK  [0m] Started Initial cloud-init job (metadata service crawler).
[[0;32m  OK  [0m] Reached target System Initialization.
         Starting LXD - unix socket.
[[0;32m  OK  [0m] Started Message of the Day.
[[0;32m  OK  [0m] Listening on Open-iSCSI iscsid Socket.
         Starting Socket activation for snappy daemon.
[[0;32m  OK  [0m] Listening on UUID daemon activation socket.
[[0;32m  OK  [0m] Started Daily apt download activities.
[[0;32m  OK  [0m] Started Ubuntu Advantage update messaging.
[[0;32m  OK  [0m] Started Daily Cleanup of Temporary Directories.
[[0;32m  OK  [0m] Started Discard unused blocks once a week.
[[0;32m  OK  [0m] Listening on ACPID Listen Socket.
[[0;32m  OK  [0m] Listening on D-Bus System Message Bus Socket.
[[0;32m  OK  [0m] Started ACPI Events Check.
[[0;32m  OK  [0m] Reached target Paths.
[[0;32m  OK  [0m] Started Daily apt upgrade and clean activities.
[[0;32m  OK  [0m] Reached target Timers.
[[0;32m  OK  [0m] Reached target Network is Online.
[[0;32m  OK  [0m] Reached target Remote File Systems (Pre).
[[0;32m  OK  [0m] Reached target Remote File Systems.
         Starting Availability of block devices...
[[0;32m  OK  [0m] Reached target Cloud-config availability.
[[0;32m  OK  [0m] Listening on LXD - unix socket.
[[0;32m  OK  [0m] Listening on Socket activation for snappy daemon.
[[0;32m  OK  [0m] Started Availability of block devices.
[[0;32m  OK  [0m] Reached target Sockets.
[[0;32m  OK  [0m] Reached target Basic System.
         Starting LSB: Record successful boot for GRUB...
         Starting Accounts Service...
[[0;32m  OK  [0m] Started Regular background program processing daemon.
         Starting LSB: automatic crash report generation...
[[0;32m  OK  [0m] Started irqbalance daemon.
         Starting Dispatcher daemon for systemd-networkd...
         Starting Pollinate to seed the pseudo random number generator...
         Starting LXD - container startup/shutdown...
[[0;32m  OK  [0m] Started Deferred execution scheduler.
         Starting Virtualbox guest utils...
[[0;32m  OK  [0m] Started D-Bus System Message Bus.
         Starting System Logging Service...
         Starting Snap Daemon...
[[0;32m  OK  [0m] Started FUSE filesystem for LXC.
         Starting Login Service...
         Starting Permit User Sessions...
[[0;32m  OK  [0m] Started System Logging Service.
[[0;32m  OK  [0m] Started LXD - container startup/shutdown.
[[0;32m  OK  [0m] Started Permit User Sessions.
[[0;32m  OK  [0m] Started Login Service.
[[0;32m  OK  [0m] Started Unattended Upgrades Shutdown.
         Starting Hold until boot process finishes up...
         Starting Terminate Plymouth Boot Screen...
         Starting Authorization Manager...
[[0;32m  OK  [0m] Started Hold until boot process finishes up.
[[0;32m  OK  [0m] Started Serial Getty on ttyS0.
         Starting Set console scheme...
[[0;32m  OK  [0m] Started Terminate Plymouth Boot Screen.
[[0;32m  OK  [0m] Started LSB: automatic crash report generation.
[[0;32m  OK  [0m] Started Set console scheme.
[[0;32m  OK  [0m] Started LSB: Record successful boot for GRUB.
[[0;32m  OK  [0m] Created slice system-getty.slice.
[[0;32m  OK  [0m] Started Getty on tty1.
[[0;32m  OK  [0m] Reached target Login Prompts.
[[0;32m  OK  [0m] Started Authorization Manager.
[[0;32m  OK  [0m] Started Accounts Service.
[[0;32m  OK  [0m] Started Dispatcher daemon for systemd-networkd.
[[0;32m  OK  [0m] Started Virtualbox guest utils.
[[0;32m  OK  [0m] Started Snap Daemon.
         Starting Wait until snapd is fully seeded...
[[0;32m  OK  [0m] Started Pollinate to seed the pseudo random number generator.
         Starting OpenBSD Secure Shell server...
[[0;32m  OK  [0m] Started OpenBSD Secure Shell server.
[[0;32m  OK  [0m] Created slice User Slice of vagrant.
         Starting User Manager for UID 1000...
[[0;32m  OK  [0m] Started Session 1 of user vagrant.
[[0;32m  OK  [0m] Started User Manager for UID 1000.
[[0;32m  OK  [0m] Started Wait until snapd is fully seeded.
         Starting Apply the settings specified in cloud-config...
[[0;32m  OK  [0m] Reached target Multi-User System.
[[0;32m  OK  [0m] Reached target Graphical Interface.
         Starting Update UTMP about System Runlevel Changes...
[[0;32m  OK  [0m] Started Update UTMP about System Runlevel Changes.
[   23.033436] cloud-init[1211]: Cloud-init v. 21.1-19-gbad84ad4-0ubuntu1~18.04.2 running 'modules:config' at Fri, 11 Jun 2021 15:26:35 +0000. Up 22.10 seconds.
[[0;32m  OK  [0m] Started Apply the settings specified in cloud-config.
         Starting Execute cloud user/final scripts...
ci-info: no authorized SSH keys fingerprints found for user ubuntu.
<14>Jun 11 15:26:37 ec2: 
<14>Jun 11 15:26:37 ec2: #############################################################
<14>Jun 11 15:26:37 ec2: -----BEGIN SSH HOST KEY FINGERPRINTS-----
<14>Jun 11 15:26:37 ec2: 1024 SHA256:FmVEcnLRVTjhYU1sx9BtTg3I3x6B0Zw+Fl5Esok7Q94 root@ubuntu-bionic (DSA)
<14>Jun 11 15:26:37 ec2: 256 SHA256:GSLKIaDnuK4L7C44MKeDgsqPPfuOSorYH2Kbb53GpRA root@ubuntu-bionic (ECDSA)
<14>Jun 11 15:26:37 ec2: 256 SHA256:9UTFji+yYYy0yiLWkeow4jW9nednVMbz4VWKXosZmHw root@ubuntu-bionic (ED25519)
<14>Jun 11 15:26:37 ec2: 2048 SHA256:cIXljZY9TJ2Y4D+Myk+QeB+b8e+Z9J5maSgjqF8E9ig root@ubuntu-bionic (RSA)
<14>Jun 11 15:26:37 ec2: -----END SSH HOST KEY FINGERPRINTS-----
<14>Jun 11 15:26:37 ec2: #############################################################
-----BEGIN SSH HOST KEY KEYS-----
ecdsa-sha2-nistp256 AAAAE2VjZHNhLXNoYTItbmlzdHAyNTYAAAAIbmlzdHAyNTYAAABBBK8T+PDhTad8DtWVgz64oXqBZq92LMwSZD1XMCiYOVfaOoujPA1ETiyE5m4otsMwbcEqS72Pyau2tys9O/Bcido= root@ubuntu-bionic
ssh-ed25519 AAAAC3NzaC1lZDI1NTE5AAAAIOGIN1WxVwUqZqDZWnpwu81MEZfXxTbImVCSNxhQTfkX root@ubuntu-bionic
ssh-rsa AAAAB3NzaC1yc2EAAAADAQABAAABAQCZU3G7JXt98C0LFTbXmYfPjzY9IJe3gOH0jp5gRUHqAzkKfza/e7NbRVDALPwvTTxUb2X5aieJBs6SH5rYEb+TBEqEpmu1A7EyK6BCGlIxGXRhFk+NuDe5RF3rZCBcbTOe9X1Njz5mwpioviRa7hZlCxuI5yxsD3wEPNq6iXZ/Yg3ImM56TD8O1HPR3AhWfz3QXXvBQrbIjhIq+yVe3S0Y4QSzBzeF00yACEguWmO3IeKK3O+EiG4S8cbDMAos6wGtYKc47OVGajPoCRPD8lCJiGHa3klaGiR/s5j3T7xdpz7dQkc94r5wLU2e2rum4e/hWv7pJOTV2JgecVgNJV7H root@ubuntu-bionic
-----END SSH HOST KEY KEYS-----
[   23.990336] cloud-init[1321]: Cloud-init v. 21.1-19-gbad84ad4-0ubuntu1~18.04.2 running 'modules:final' at Fri, 11 Jun 2021 15:26:37 +0000. Up 23.73 seconds.
[   24.000336] cloud-init[1321]: ci-info: no authorized SSH keys fingerprints found for user ubuntu.
[   24.001318] cloud-init[1321]: Cloud-init v. 21.1-19-gbad84ad4-0ubuntu1~18.04.2 finished at Fri, 11 Jun 2021 15:26:37 +0000. Datasource DataSourceNoCloud [seed=/dev/sdb][dsmode=net].  Up 23.97 seconds
[[0;32m  OK  [0m] Started Execute cloud user/final scripts.
[[0;32m  OK  [0m] Reached target Cloud-init target.

Ubuntu 18.04.5 LTS dob-db ttyS0

dob-db login: 